<?xml version="1.0" encoding="UTF-8"?>
<!-- Generated by org.testng.reporters.JUnitReportReporter -->
<testsuite hostname="Ripna_John" failures="0" tests="15" name="RestAssure.DemoRecipes" time="2.545" errors="0" timestamp="2024-06-28T15:21:13 IST" skipped="14">
  <testcase classname="RestAssure.DemoRecipes" name="DeleteComment" time="2.545"/>
  <system-out/>
  <testcase classname="RestAssure.DemoRecipes" name="getRecipesByAMeal">
    <skipped/>
  </testcase> <!-- getRecipesByAMeal -->
  <system-out/>
  <testcase classname="RestAssure.DemoRecipes" name="getASingleComment">
    <skipped/>
  </testcase> <!-- getASingleComment -->
  <system-out/>
  <testcase classname="RestAssure.DemoRecipes" name="searchRecipes">
    <skipped/>
  </testcase> <!-- searchRecipes -->
  <system-out/>
  <testcase classname="RestAssure.DemoRecipes" name="SortRecipes">
    <skipped/>
  </testcase> <!-- SortRecipes -->
  <system-out/>
  <testcase classname="RestAssure.DemoRecipes" name="LimitandSkipRecipies">
    <skipped/>
  </testcase> <!-- LimitandSkipRecipies -->
  <system-out/>
  <testcase classname="RestAssure.DemoRecipes" name="GetSingleRecipe">
    <skipped/>
  </testcase> <!-- GetSingleRecipe -->
  <system-out/>
  <testcase classname="RestAssure.DemoRecipes" name="UpdateComment">
    <skipped/>
  </testcase> <!-- UpdateComment -->
  <system-out/>
  <testcase classname="RestAssure.DemoRecipes" name="AddNewComment">
    <skipped/>
  </testcase> <!-- AddNewComment -->
  <system-out/>
  <testcase classname="RestAssure.DemoRecipes" name="getAllComments">
    <skipped/>
  </testcase> <!-- getAllComments -->
  <system-out/>
  <testcase classname="RestAssure.DemoRecipes" name="getAllRecipesTags">
    <skipped/>
  </testcase> <!-- getAllRecipesTags -->
  <system-out/>
  <testcase classname="RestAssure.DemoRecipes" name="getAllRecipes">
    <skipped/>
  </testcase> <!-- getAllRecipes -->
  <system-out/>
  <testcase classname="RestAssure.DemoRecipes" name="LimitandSkipComments">
    <skipped/>
  </testcase> <!-- LimitandSkipComments -->
  <system-out/>
  <testcase classname="RestAssure.DemoRecipes" name="getAllCommentsByPostID">
    <skipped/>
  </testcase> <!-- getAllCommentsByPostID -->
  <system-out/>
  <testcase classname="RestAssure.DemoRecipes" name="getARecipeByTag">
    <skipped/>
  </testcase> <!-- getARecipeByTag -->
  <system-out/>
</testsuite> <!-- RestAssure.DemoRecipes -->
